<?xml version="1.0" encoding="UTF-8"?>
<!-- Generated by org.testng.reporters.JUnitReportReporter -->
<testsuite hostname="LAPTOP-RAJESH" failures="0" tests="3" name="TestNG" time="36.587" errors="0" timestamp="2023-12-20T11:15:34 IST" skipped="0">
  <testcase classname="TestNG" name="a" time="0.014"/>
  <system-out/>
  <testcase classname="TestNG" name="b" time="0.003"/>
  <system-out/>
  <testcase classname="TestNG" name="f" time="36.570"/>
  <system-out/>
</testsuite> <!-- TestNG -->
